<?xml version="1.0" encoding="UTF-8"?>
<testng-results skipped="0" failed="0" ignored="0" total="1" passed="1">
  <reporter-output>
  </reporter-output>
  <suite name="Default suite" duration-ms="29309" started-at="2020-02-03T15:20:23Z" finished-at="2020-02-03T15:20:53Z">
    <groups>
    </groups>
    <test name="Default test" duration-ms="29309" started-at="2020-02-03T15:20:23Z" finished-at="2020-02-03T15:20:53Z">
      <class name="pages.SeleniumGrid">
        <test-method status="PASS" signature="setUp()[pri:0, instance:pages.SeleniumGrid@3a8624]" name="setUp" is-config="true" duration-ms="18688" started-at="2020-02-03T15:20:23Z" finished-at="2020-02-03T15:20:42Z">
          <reporter-output>
          </reporter-output>
        </test-method> <!-- setUp -->
        <test-method status="PASS" signature="gridSelenium()[pri:0, instance:pages.SeleniumGrid@3a8624]" name="gridSelenium" duration-ms="5717" started-at="2020-02-03T15:20:42Z" finished-at="2020-02-03T15:20:48Z">
          <reporter-output>
          </reporter-output>
        </test-method> <!-- gridSelenium -->
        <test-method status="PASS" signature="afterTest()[pri:0, instance:pages.SeleniumGrid@3a8624]" name="afterTest" is-config="true" duration-ms="4856" started-at="2020-02-03T15:20:48Z" finished-at="2020-02-03T15:20:53Z">
          <reporter-output>
          </reporter-output>
        </test-method> <!-- afterTest -->
      </class> <!-- pages.SeleniumGrid -->
    </test> <!-- Default test -->
  </suite> <!-- Default suite -->
</testng-results>
