<?xml version="1.0" encoding="UTF-8"?>
<!-- Generated by org.testng.reporters.JUnitXMLReporter -->
<testsuite hostname="BusyBee-PC" name="demoTest" tests="2" failures="2" timestamp="12 Nov 2019 09:23:54 GMT" time="96.037" errors="0">
  <testcase name="executeFirst" time="95.647" classname="com.learning.testng.ParallelBrowserExecution">
    <failure type="java.lang.NullPointerException">
      <![CDATA[java.lang.NullPointerException
	at com.learning.testng.ParallelBrowserExecution.executeFirst(ParallelBrowserExecution.java:18)
	at java.util.concurrent.ThreadPoolExecutor.runWorker(Unknown Source)
	at java.util.concurrent.ThreadPoolExecutor$Worker.run(Unknown Source)
	at java.lang.Thread.run(Unknown Source)
... Removed 10 stack frames]]>
    </failure>
  </testcase> <!-- executeFirst -->
  <testcase name="executeSecond" time="95.662" classname="com.learning.testng.ParallelBrowserExecution">
    <failure type="java.lang.NullPointerException">
      <![CDATA[java.lang.NullPointerException
	at com.learning.testng.ParallelBrowserExecution.executeSecond(ParallelBrowserExecution.java:26)
	at java.util.concurrent.ThreadPoolExecutor.runWorker(Unknown Source)
	at java.util.concurrent.ThreadPoolExecutor$Worker.run(Unknown Source)
	at java.lang.Thread.run(Unknown Source)
... Removed 10 stack frames]]>
    </failure>
  </testcase> <!-- executeSecond -->
</testsuite> <!-- demoTest -->
