<?xml version="1.0" encoding="UTF-8"?>
<!-- Generated by org.testng.reporters.JUnitXMLReporter -->
<testsuite hostname="BusyBee2020" ignored="0" name="Test" tests="2" failures="1" timestamp="02 Mar 2020 08:36:51 GMT" time="55.032" errors="0">
  <testcase name="testExecution" time="1.031" classname="parallel_test.TestScript1_DD">
    <failure type="org.testng.internal.reflect.MethodMatcherException" message="
Data provider mismatch
Method: testExecution([Parameter{index=0, type=java.lang.String, declaredAnnotations=[]}, Parameter{index=1, type=java.lang.String, declaredAnnotations=[]}, Parameter{index=2, type=java.lang.String, declaredAnnotations=[]}, Parameter{index=3, type=java.lang.String, declaredAnnotations=[]}, Parameter{index=4, type=java.lang.String, declaredAnnotations=[]}, Parameter{index=5, type=java.lang.String, declaredAnnotations=[]}, Parameter{index=6, type=java.lang.String, declaredAnnotations=[]}, Parameter{index=7, type=java.lang.String, declaredAnnotations=[]}, Parameter{index=8, type=java.lang.String, declaredAnnotations=[]}, Parameter{index=9, type=java.lang.String, declaredAnnotations=[]}, Parameter{index=10, type=java.lang.String, declaredAnnotations=[]}, Parameter{index=11, type=java.lang.String, declaredAnnotations=[]}, Parameter{index=12, type=java.lang.String, declaredAnnotations=[]}])
Arguments: [(java.lang.String) Login,(java.lang.String) 2,(java.lang.String) http://demo.guru99.com/test/newtours/,(java.lang.String) 1,(java.lang.String) 3,(java.lang.String) London,(java.lang.String) 2,(java.lang.String) 27,(java.lang.String) New York,(java.lang.String) 2,(java.lang.String) 30,(java.lang.String) 2,(java.lang.String) Unified Airlines,(java.lang.String) NA,(java.lang.String) NA]">
      <![CDATA[org.testng.internal.reflect.MethodMatcherException: 
Data provider mismatch
Method: testExecution([Parameter{index=0, type=java.lang.String, declaredAnnotations=[]}, Parameter{index=1, type=java.lang.String, declaredAnnotations=[]}, Parameter{index=2, type=java.lang.String, declaredAnnotations=[]}, Parameter{index=3, type=java.lang.String, declaredAnnotations=[]}, Parameter{index=4, type=java.lang.String, declaredAnnotations=[]}, Parameter{index=5, type=java.lang.String, declaredAnnotations=[]}, Parameter{index=6, type=java.lang.String, declaredAnnotations=[]}, Parameter{index=7, type=java.lang.String, declaredAnnotations=[]}, Parameter{index=8, type=java.lang.String, declaredAnnotations=[]}, Parameter{index=9, type=java.lang.String, declaredAnnotations=[]}, Parameter{index=10, type=java.lang.String, declaredAnnotations=[]}, Parameter{index=11, type=java.lang.String, declaredAnnotations=[]}, Parameter{index=12, type=java.lang.String, declaredAnnotations=[]}])
Arguments: [(java.lang.String) Login,(java.lang.String) 2,(java.lang.String) http://demo.guru99.com/test/newtours/,(java.lang.String) 1,(java.lang.String) 3,(java.lang.String) London,(java.lang.String) 2,(java.lang.String) 27,(java.lang.String) New York,(java.lang.String) 2,(java.lang.String) 30,(java.lang.String) 2,(java.lang.String) Unified Airlines,(java.lang.String) NA,(java.lang.String) NA]
at java.util.concurrent.ThreadPoolExecutor.runWorker(ThreadPoolExecutor.java:1149)
at java.util.concurrent.ThreadPoolExecutor$Worker.run(ThreadPoolExecutor.java:624)
at java.lang.Thread.run(Thread.java:748)
... Removed 5 stack frames]]>
    </failure>
  </testcase> <!-- testExecution -->
  <testcase name="testExecute" time="54.671" classname="parallel_test.TestScript2"/>
</testsuite> <!-- Test -->
